<?xml version="1.0" encoding="UTF-8"?>
<testng-results ignored="0" total="2" passed="2" failed="0" skipped="0">
  <reporter-output>
  </reporter-output>
  <suite started-at="2024-01-21T02:44:13 IST" name="Default suite" finished-at="2024-01-21T02:44:13 IST" duration-ms="32">
    <groups>
    </groups>
    <test started-at="2024-01-21T02:44:13 IST" name="Default test" finished-at="2024-01-21T02:44:13 IST" duration-ms="32">
      <class name="testng.demo2">
        <test-method signature="test1()[pri:0, instance:testng.demo2@212b5695]" started-at="2024-01-21T02:44:13 IST" name="test1" finished-at="2024-01-21T02:44:13 IST" duration-ms="5" status="PASS">
          <reporter-output>
          </reporter-output>
        </test-method> <!-- test1 -->
      </class> <!-- testng.demo2 -->
      <class name="testng.demo1">
        <test-method signature="test1()[pri:0, instance:testng.demo1@63a12c68]" started-at="2024-01-21T02:44:13 IST" name="test1" finished-at="2024-01-21T02:44:13 IST" duration-ms="1" status="PASS">
          <reporter-output>
          </reporter-output>
        </test-method> <!-- test1 -->
      </class> <!-- testng.demo1 -->
    </test> <!-- Default test -->
  </suite> <!-- Default suite -->
</testng-results>
